<?xml version="1.0" encoding="UTF-8"?>
<!-- Generated by org.testng.reporters.JUnitXMLReporter -->
<testsuite hostname="AAPCLW10-1670" ignored="0" name="Test" tests="4" failures="0" timestamp="14 Jul 2019 02:09:05 GMT" time="36.896" errors="0">
  <testcase name="tc01" time="9.267" classname="mainScript.DriverScript"/>
  <testcase name="tc02" time="4.108" classname="mainScript.DriverScript"/>
  <testcase name="tc03" time="5.548" classname="mainScript.DriverScript"/>
  <testcase name="tc04" time="0.345" classname="mainScript.DriverScript"/>
</testsuite> <!-- Test -->
