<?xml version="1.0" encoding="UTF-8"?>
<!-- Generated by org.testng.reporters.JUnitXMLReporter -->
<testsuite hostname="AAPCLW10-1670" ignored="0" name="Test" tests="5" failures="3" timestamp="20 Jul 2019 01:58:14 GMT" time="60.207" errors="0">
  <testcase name="tc01" time="13.29" classname="mainScript.DriverScript"/>
  <testcase name="tc02" time="10.919" classname="mainScript.DriverScript">
    <failure type="java.lang.AssertionError" message="expected [true] but found [false]">
      <![CDATA[java.lang.AssertionError: expected [true] but found [false]
at mainScript.DriverScript.tc02(DriverScript.java:53)
... Removed 33 stack frames]]>
    </failure>
  </testcase> <!-- tc02 -->
  <testcase name="tc03" time="22.954" classname="mainScript.DriverScript">
    <failure type="java.lang.AssertionError" message="expected [true] but found [false]">
      <![CDATA[java.lang.AssertionError: expected [true] but found [false]
at mainScript.DriverScript.tc03(DriverScript.java:70)
... Removed 33 stack frames]]>
    </failure>
  </testcase> <!-- tc03 -->
  <testcase name="tc04" time="0.288" classname="mainScript.DriverScript">
    <failure type="java.lang.AssertionError" message="expected [true] but found [false]">
      <![CDATA[java.lang.AssertionError: expected [true] but found [false]
at mainScript.DriverScript.tc04(DriverScript.java:86)
... Removed 33 stack frames]]>
    </failure>
  </testcase> <!-- tc04 -->
  <testcase name="tc05" time="0.0" classname="mainScript.DriverScript"/>
</testsuite> <!-- Test -->
