<?xml version="1.0" encoding="UTF-8"?>
<!-- Generated by org.testng.reporters.JUnitXMLReporter -->
<testsuite hostname="AAPCLW10-1670" ignored="0" name="Test" tests="5" failures="4" timestamp="20 Jul 2019 15:19:46 GMT" time="59.608" errors="0">
  <testcase name="tc01" time="19.634" classname="mainScript.DriverScript">
    <failure type="java.lang.AssertionError" message="expected [true] but found [false]">
      <![CDATA[java.lang.AssertionError: expected [true] but found [false]
at mainScript.DriverScript.tc01(DriverScript.java:37)
... Removed 33 stack frames]]>
    </failure>
  </testcase> <!-- tc01 -->
  <testcase name="tc02" time="13.425" classname="mainScript.DriverScript">
    <failure type="java.lang.AssertionError" message="expected [true] but found [false]">
      <![CDATA[java.lang.AssertionError: expected [true] but found [false]
at mainScript.DriverScript.tc02(DriverScript.java:54)
... Removed 33 stack frames]]>
    </failure>
  </testcase> <!-- tc02 -->
  <testcase name="tc03" time="13.763" classname="mainScript.DriverScript">
    <failure type="java.lang.AssertionError" message="expected [true] but found [false]">
      <![CDATA[java.lang.AssertionError: expected [true] but found [false]
at mainScript.DriverScript.tc03(DriverScript.java:71)
... Removed 33 stack frames]]>
    </failure>
  </testcase> <!-- tc03 -->
  <testcase name="tc04" time="0.278" classname="mainScript.DriverScript">
    <failure type="java.lang.AssertionError" message="expected [true] but found [false]">
      <![CDATA[java.lang.AssertionError: expected [true] but found [false]
at mainScript.DriverScript.tc04(DriverScript.java:87)
... Removed 33 stack frames]]>
    </failure>
  </testcase> <!-- tc04 -->
  <testcase name="tc05" time="0.0" classname="mainScript.DriverScript"/>
</testsuite> <!-- Test -->
